<?xml version="1.0" encoding="UTF-8"?>
<!-- Generated by org.testng.reporters.JUnitReportReporter -->
<testsuite hostname="SHUBHANKAR-BHOWMIK" failures="0" tests="1" name="com.testcase.TC_storeele_7" time="2.743" errors="0" timestamp="2022-05-20T01:20:59 IST" skipped="0">
  <testcase classname="com.testcase.TC_storeele_7" name="storeElement" time="2.743"/>
  <system-out/>
</testsuite> <!-- com.testcase.TC_storeele_7 -->
