<?xml version="1.0" encoding="UTF-8"?>
<!-- Generated by org.testng.reporters.JUnitReportReporter -->
<testsuite hostname="anonymous" failures="0" tests="10" name="com.bbc.testcase.TC_search_001" time="29.518" errors="0" timestamp="2022-05-16T04:28:18 IST" skipped="0">
  <testcase classname="com.bbc.testcase.TC_search_001" name="loginTest" time="3.254"/>
  <system-out/>
  <testcase classname="com.bbc.testcase.TC_search_001" name="loginTest" time="3.629"/>
  <system-out/>
  <testcase classname="com.bbc.testcase.TC_search_001" name="loginTest" time="2.811"/>
  <system-out/>
  <testcase classname="com.bbc.testcase.TC_search_001" name="loginTest" time="2.772"/>
  <system-out/>
  <testcase classname="com.bbc.testcase.TC_search_001" name="loginTest" time="1.995"/>
  <system-out/>
  <testcase classname="com.bbc.testcase.TC_search_001" name="loginTest" time="1.597"/>
  <system-out/>
  <testcase classname="com.bbc.testcase.TC_search_001" name="loginTest" time="2.928"/>
  <system-out/>
  <testcase classname="com.bbc.testcase.TC_search_001" name="loginTest" time="5.791"/>
  <system-out/>
  <testcase classname="com.bbc.testcase.TC_search_001" name="loginTest" time="2.230"/>
  <system-out/>
  <testcase classname="com.bbc.testcase.TC_search_001" name="loginTest" time="2.511"/>
  <system-out/>
</testsuite> <!-- com.bbc.testcase.TC_search_001 -->
