<?xml version="1.0" encoding="UTF-8"?>
<!-- Generated by org.testng.reporters.JUnitReportReporter -->
<testsuite hostname="SHUBHANKAR-BHOWMIK" failures="0" tests="10" name="com.testcase.TC_searchbox_1" time="28.426" errors="0" timestamp="2022-05-20T01:20:59 IST" skipped="0">
  <testcase classname="com.testcase.TC_searchbox_1" name="SearchTest" time="2.829"/>
  <system-out/>
  <testcase classname="com.testcase.TC_searchbox_1" name="SearchTest" time="2.289"/>
  <system-out/>
  <testcase classname="com.testcase.TC_searchbox_1" name="SearchTest" time="3.362"/>
  <system-out/>
  <testcase classname="com.testcase.TC_searchbox_1" name="SearchTest" time="2.633"/>
  <system-out/>
  <testcase classname="com.testcase.TC_searchbox_1" name="SearchTest" time="2.534"/>
  <system-out/>
  <testcase classname="com.testcase.TC_searchbox_1" name="SearchTest" time="2.113"/>
  <system-out/>
  <testcase classname="com.testcase.TC_searchbox_1" name="SearchTest" time="2.665"/>
  <system-out/>
  <testcase classname="com.testcase.TC_searchbox_1" name="SearchTest" time="3.113"/>
  <system-out/>
  <testcase classname="com.testcase.TC_searchbox_1" name="SearchTest" time="3.865"/>
  <system-out/>
  <testcase classname="com.testcase.TC_searchbox_1" name="SearchTest" time="3.023"/>
  <system-out/>
</testsuite> <!-- com.testcase.TC_searchbox_1 -->
